<?xml version="1.0" encoding="UTF-8"?>
<!-- Generated by org.testng.reporters.JUnitXMLReporter -->
<testsuite hostname="Naveen-Mac.local" ignored="0" name="Default test" tests="3" failures="0" timestamp="10 Nov 2019 15:59:17 GMT" time="16.775" errors="0">
  <testcase name="verifyLoginPagTitleTest" time="0.021" classname="com.qa.hubspot.tests.LoginPageTest"/>
  <testcase name="verifySignUpLinkTest" time="0.123" classname="com.qa.hubspot.tests.LoginPageTest"/>
  <testcase name="loginTest" time="9.522" classname="com.qa.hubspot.tests.LoginPageTest"/>
</testsuite> <!-- Default test -->
