<?xml version="1.0" encoding="UTF-8"?>
<testng-results skipped="0" failed="1" ignored="0" total="3" passed="2">
  <reporter-output>
    <line>
      <![CDATA[starting verifyLoginPagTitleTest ]]>
    </line>
    <line>
      <![CDATA[ending verifyLoginPagTitleTest ]]>
    </line>
  </reporter-output>
  <suite name="Default suite" duration-ms="46717" started-at="2019-11-14T04:59:32Z" finished-at="2019-11-14T05:00:18Z">
    <groups>
    </groups>
    <test name="Default test" duration-ms="46717" started-at="2019-11-14T04:59:32Z" finished-at="2019-11-14T05:00:18Z">
      <class name="com.qa.hubspot.tests.LoginPageTest">
        <test-method status="PASS" signature="setUp()[pri:0, instance:com.qa.hubspot.tests.LoginPageTest@770d0ea6]" name="setUp" is-config="true" duration-ms="9701" started-at="2019-11-14T04:59:32Z" finished-at="2019-11-14T04:59:41Z">
          <reporter-output>
          </reporter-output>
        </test-method> <!-- setUp -->
        <test-method status="PASS" signature="verifyLoginPagTitleTest()[pri:1, instance:com.qa.hubspot.tests.LoginPageTest@770d0ea6]" name="verifyLoginPagTitleTest" duration-ms="10111" started-at="2019-11-14T04:59:41Z" finished-at="2019-11-14T04:59:52Z">
          <reporter-output>
            <line>
              <![CDATA[starting verifyLoginPagTitleTest ]]>
            </line>
            <line>
              <![CDATA[ending verifyLoginPagTitleTest ]]>
            </line>
          </reporter-output>
        </test-method> <!-- verifyLoginPagTitleTest -->
        <test-method status="PASS" signature="verifySignUpLinkTest()[pri:2, instance:com.qa.hubspot.tests.LoginPageTest@770d0ea6]" name="verifySignUpLinkTest" duration-ms="5069" started-at="2019-11-14T04:59:52Z" finished-at="2019-11-14T04:59:57Z">
          <reporter-output>
          </reporter-output>
        </test-method> <!-- verifySignUpLinkTest -->
        <test-method status="FAIL" signature="loginTest()[pri:3, instance:com.qa.hubspot.tests.LoginPageTest@770d0ea6]" name="loginTest" duration-ms="20748" started-at="2019-11-14T04:59:57Z" finished-at="2019-11-14T05:00:18Z">
          <exception class="org.openqa.selenium.TimeoutException">
            <message>
              <![CDATA[Expected condition failed: waiting for title to contain "Reports dashboard". Current title: "HubSpot Login" (tried for 15 second(s) with 500 milliseconds interval)
Build info: version: '3.141.59', revision: 'e82be7d358', time: '2018-11-14T08:17:03'
System info: host: 'Naveen-Mac.local', ip: 'fe80:0:0:0:c15:ca48:c8cf:32b4%en0', os.name: 'Mac OS X', os.arch: 'x86_64', os.version: '10.14.5', java.version: '1.8.0_144'
Driver info: org.openqa.selenium.chrome.ChromeDriver
Capabilities {acceptInsecureCerts: false, browserName: chrome, browserVersion: 78.0.3904.97, chrome: {chromedriverVersion: 78.0.3904.70 (edb9c9f3de024..., userDataDir: /var/folders/fd/lw5s91x96f9...}, goog:chromeOptions: {debuggerAddress: localhost:59613}, javascriptEnabled: true, networkConnectionEnabled: false, pageLoadStrategy: normal, platform: MAC, platformName: MAC, proxy: Proxy(), setWindowRect: true, strictFileInteractability: false, timeouts: {implicit: 0, pageLoad: 300000, script: 30000}, unhandledPromptBehavior: dismiss and notify}
Session ID: fd25b392b1d9d9dfb166396ac7955fc2]]>
            </message>
            <full-stacktrace>
              <![CDATA[org.openqa.selenium.TimeoutException: Expected condition failed: waiting for title to contain "Reports dashboard". Current title: "HubSpot Login" (tried for 15 second(s) with 500 milliseconds interval)
Build info: version: '3.141.59', revision: 'e82be7d358', time: '2018-11-14T08:17:03'
System info: host: 'Naveen-Mac.local', ip: 'fe80:0:0:0:c15:ca48:c8cf:32b4%en0', os.name: 'Mac OS X', os.arch: 'x86_64', os.version: '10.14.5', java.version: '1.8.0_144'
Driver info: org.openqa.selenium.chrome.ChromeDriver
Capabilities {acceptInsecureCerts: false, browserName: chrome, browserVersion: 78.0.3904.97, chrome: {chromedriverVersion: 78.0.3904.70 (edb9c9f3de024..., userDataDir: /var/folders/fd/lw5s91x96f9...}, goog:chromeOptions: {debuggerAddress: localhost:59613}, javascriptEnabled: true, networkConnectionEnabled: false, pageLoadStrategy: normal, platform: MAC, platformName: MAC, proxy: Proxy(), setWindowRect: true, strictFileInteractability: false, timeouts: {implicit: 0, pageLoad: 300000, script: 30000}, unhandledPromptBehavior: dismiss and notify}
Session ID: fd25b392b1d9d9dfb166396ac7955fc2
at org.openqa.selenium.support.ui.WebDriverWait.timeoutException(WebDriverWait.java:95)
at org.openqa.selenium.support.ui.FluentWait.until(FluentWait.java:272)
at com.qa.hubspot.util.ElementUtil.waitForTitlePresent(ElementUtil.java:45)
at com.qa.hubspot.pages.LoginPage.doLogin(LoginPage.java:50)
at com.qa.hubspot.tests.LoginPageTest.loginTest(LoginPageTest.java:65)
at sun.reflect.NativeMethodAccessorImpl.invoke0(Native Method)
at sun.reflect.NativeMethodAccessorImpl.invoke(NativeMethodAccessorImpl.java:62)
at sun.reflect.DelegatingMethodAccessorImpl.invoke(DelegatingMethodAccessorImpl.java:43)
at java.lang.reflect.Method.invoke(Method.java:498)
at org.testng.internal.MethodInvocationHelper.invokeMethod(MethodInvocationHelper.java:124)
at org.testng.internal.Invoker.invokeMethod(Invoker.java:583)
at org.testng.internal.Invoker.invokeTestMethod(Invoker.java:719)
at org.testng.internal.Invoker.invokeTestMethods(Invoker.java:989)
at org.testng.internal.TestMethodWorker.invokeTestMethods(TestMethodWorker.java:125)
at org.testng.internal.TestMethodWorker.run(TestMethodWorker.java:109)
at org.testng.TestRunner.privateRun(TestRunner.java:648)
at org.testng.TestRunner.run(TestRunner.java:505)
at org.testng.SuiteRunner.runTest(SuiteRunner.java:455)
at org.testng.SuiteRunner.runSequentially(SuiteRunner.java:450)
at org.testng.SuiteRunner.privateRun(SuiteRunner.java:415)
at org.testng.SuiteRunner.run(SuiteRunner.java:364)
at org.testng.SuiteRunnerWorker.runSuite(SuiteRunnerWorker.java:52)
at org.testng.SuiteRunnerWorker.run(SuiteRunnerWorker.java:84)
at org.testng.TestNG.runSuitesSequentially(TestNG.java:1208)
at org.testng.TestNG.runSuitesLocally(TestNG.java:1137)
at org.testng.TestNG.runSuites(TestNG.java:1049)
at org.testng.TestNG.run(TestNG.java:1017)
at org.testng.remote.AbstractRemoteTestNG.run(AbstractRemoteTestNG.java:114)
at org.testng.remote.RemoteTestNG.initAndRun(RemoteTestNG.java:251)
at org.testng.remote.RemoteTestNG.main(RemoteTestNG.java:77)
]]>
            </full-stacktrace>
          </exception> <!-- org.openqa.selenium.TimeoutException -->
          <reporter-output>
          </reporter-output>
        </test-method> <!-- loginTest -->
        <test-method status="PASS" signature="tearDown()[pri:0, instance:com.qa.hubspot.tests.LoginPageTest@770d0ea6]" name="tearDown" is-config="true" duration-ms="99" started-at="2019-11-14T05:00:18Z" finished-at="2019-11-14T05:00:18Z">
          <reporter-output>
          </reporter-output>
        </test-method> <!-- tearDown -->
      </class> <!-- com.qa.hubspot.tests.LoginPageTest -->
    </test> <!-- Default test -->
  </suite> <!-- Default suite -->
</testng-results>
